<?xml version="1.0" encoding="UTF-8"?>
<!-- Generated by org.testng.reporters.JUnitReportReporter -->
<testsuite hostname="DESKTOP-ICM49JE" failures="0" tests="1" name="gyuri.tests.ErrorValidations" time="6.068" errors="0" timestamp="2024-10-14T10:50:59 CEST" skipped="0">
  <testcase classname="gyuri.tests.ErrorValidations" name="submitorder" time="6.068"/>
  <system-out/>
</testsuite> <!-- gyuri.tests.ErrorValidations -->
