<?xml version="1.0" encoding="UTF-8"?>
<!-- Generated by org.testng.reporters.JUnitReportReporter -->
<testsuite hostname="DESKTOP-ICM49JE" failures="0" tests="1" name="gyuri.tests.ErrorValidationsTest" time="4.518" errors="0" timestamp="2024-10-19T14:42:51 CEST" skipped="0">
  <testcase classname="gyuri.tests.ErrorValidationsTest" name="loginErrorValidation" time="4.518"/>
  <system-out/>
</testsuite> <!-- gyuri.tests.ErrorValidationsTest -->
