<?xml version="1.0" encoding="UTF-8"?>
<!-- Generated by org.testng.reporters.JUnitReportReporter -->
<testsuite hostname="DESKTOP-ICM49JE" failures="0" tests="2" name="gyuri.tests.SubmitOrderTest" time="16.537" errors="0" timestamp="2024-10-23T08:16:58 CEST" skipped="0">
  <testcase classname="gyuri.tests.SubmitOrderTest" name="submitOrder" time="8.189"/>
  <system-out/>
  <testcase classname="gyuri.tests.SubmitOrderTest" name="submitOrder" time="8.348"/>
  <system-out/>
</testsuite> <!-- gyuri.tests.SubmitOrderTest -->
