<?xml version="1.0" encoding="UTF-8"?>
<!-- Generated by org.testng.reporters.JUnitReportReporter -->
<testsuite hostname="DESKTOP-ICM49JE" failures="0" tests="2" name="cucumber.testNGTestRunner" time="13.591" errors="0" timestamp="2024-10-22T16:15:44 CEST" skipped="0">
  <testcase classname="cucumber.testNGTestRunner" name="runScenario" time="7.193"/>
  <system-out/>
  <testcase classname="cucumber.testNGTestRunner" name="runScenario" time="6.398"/>
  <system-out/>
</testsuite> <!-- cucumber.testNGTestRunner -->
