<?xml version="1.0" encoding="UTF-8"?>
<!-- Generated by org.testng.reporters.JUnitReportReporter -->
<testsuite hostname="DESKTOP-ICM49JE" failures="0" tests="1" name="gyuri.tests.ErrorValidationsTest" time="4.403" errors="0" timestamp="2024-10-22T16:14:34 CEST" skipped="0">
  <testcase classname="gyuri.tests.ErrorValidationsTest" name="loginErrorValidation" time="4.403"/>
</testsuite> <!-- gyuri.tests.ErrorValidationsTest -->
