<?xml version="1.0" encoding="UTF-8"?>
<!-- Generated by org.testng.reporters.JUnitReportReporter -->
<testsuite hostname="DESKTOP-ICM49JE" failures="0" tests="4" name="gyuri.tests.SubmitOrderTest" time="34.932" errors="0" timestamp="2024-10-22T16:00:46 CEST" skipped="0">
  <testcase classname="gyuri.tests.SubmitOrderTest" name="submitOrder" time="17.977"/>
  <testcase classname="gyuri.tests.SubmitOrderTest" name="OrderHistoryTest" time="3.769"/>
  <testcase classname="gyuri.tests.SubmitOrderTest" name="OrderHistoryTest" time="3.790"/>
  <testcase classname="gyuri.tests.SubmitOrderTest" name="submitOrder" time="9.396"/>
</testsuite> <!-- gyuri.tests.SubmitOrderTest -->
